mode: set
gv-api/internal/response/response.go:10.56,13.56 3 1
gv-api/internal/response/response.go:13.56,15.3 1 0
gv-api/internal/response/response.go:18.63,20.2 1 1
gv-api/internal/auth/handler.go:19.48,21.2 1 1
gv-api/internal/auth/handler.go:23.65,27.61 2 1
gv-api/internal/auth/handler.go:27.61,30.3 2 1
gv-api/internal/auth/handler.go:32.2,33.16 2 1
gv-api/internal/auth/handler.go:33.16,36.3 2 1
gv-api/internal/auth/handler.go:38.2,38.68 1 1
gv-api/internal/auth/handler.go:41.68,46.61 2 1
gv-api/internal/auth/handler.go:46.61,49.3 2 1
gv-api/internal/auth/handler.go:51.2,52.16 2 1
gv-api/internal/auth/handler.go:52.16,55.3 2 1
gv-api/internal/auth/handler.go:57.2,57.68 1 1
gv-api/internal/auth/middleware.go:16.60,18.2 1 1
gv-api/internal/auth/middleware.go:20.61,21.71 1 1
gv-api/internal/auth/middleware.go:21.71,23.23 2 1
gv-api/internal/auth/middleware.go:23.23,26.4 2 1
gv-api/internal/auth/middleware.go:28.3,29.26 2 1
gv-api/internal/auth/middleware.go:29.26,32.4 2 0
gv-api/internal/auth/middleware.go:34.3,35.17 2 1
gv-api/internal/auth/middleware.go:35.17,38.4 2 1
gv-api/internal/auth/middleware.go:40.3,40.23 1 1
gv-api/internal/auth/service.go:31.69,32.20 1 1
gv-api/internal/auth/service.go:32.20,34.3 1 1
gv-api/internal/auth/service.go:35.2,38.3 1 1
gv-api/internal/auth/service.go:41.90,51.2 3 1
gv-api/internal/auth/service.go:53.58,54.32 1 1
gv-api/internal/auth/service.go:54.32,56.3 1 1
gv-api/internal/auth/service.go:57.2,57.46 1 1
gv-api/internal/auth/service.go:60.65,62.94 2 1
gv-api/internal/auth/service.go:62.94,63.58 1 1
gv-api/internal/auth/service.go:63.58,65.4 1 0
gv-api/internal/auth/service.go:66.3,66.38 1 1
gv-api/internal/auth/service.go:69.2,69.32 1 1
gv-api/internal/auth/service.go:69.32,71.3 1 1
gv-api/internal/auth/service.go:73.2,73.25 1 1
gv-api/internal/auth/service.go:73.25,75.3 1 0
gv-api/internal/auth/service.go:77.2,77.12 1 1
gv-api/internal/auth/service.go:80.70,82.16 2 1
gv-api/internal/auth/service.go:82.16,84.3 1 1
gv-api/internal/auth/service.go:86.2,87.12 2 1
gv-api/internal/auth/service.go:87.12,89.3 1 1
gv-api/internal/auth/service.go:91.2,91.49 1 1
gv-api/test/e2e/client.go:44.44,50.2 2 1
gv-api/test/e2e/client.go:52.44,54.2 1 1
gv-api/test/e2e/client.go:56.87,60.17 4 1
gv-api/test/e2e/client.go:60.17,62.3 1 1
gv-api/test/e2e/client.go:62.8,64.3 1 1
gv-api/test/e2e/client.go:65.2,65.16 1 1
gv-api/test/e2e/client.go:65.16,67.3 1 0
gv-api/test/e2e/client.go:68.2,68.17 1 1
gv-api/test/e2e/client.go:68.17,70.3 1 1
gv-api/test/e2e/client.go:71.2,71.19 1 1
gv-api/test/e2e/client.go:71.19,73.3 1 1
gv-api/test/e2e/client.go:74.2,75.16 2 1
gv-api/test/e2e/client.go:75.16,77.3 1 0
gv-api/test/e2e/client.go:78.2,78.13 1 1
gv-api/test/e2e/client.go:81.65,87.38 5 1
gv-api/test/e2e/client.go:87.38,89.3 1 0
gv-api/test/e2e/client.go:91.2,92.67 2 1
gv-api/test/e2e/client.go:92.67,94.3 1 0
gv-api/test/e2e/client.go:95.2,95.24 1 1
gv-api/test/e2e/client.go:98.74,104.38 5 1
gv-api/test/e2e/client.go:104.38,106.3 1 0
gv-api/test/e2e/client.go:108.2,109.67 2 1
gv-api/test/e2e/client.go:109.67,111.3 1 0
gv-api/test/e2e/client.go:112.2,112.24 1 1
gv-api/test/e2e/client.go:115.91,122.43 5 1
gv-api/test/e2e/client.go:122.43,124.3 1 0
gv-api/test/e2e/client.go:126.2,127.66 2 1
gv-api/test/e2e/client.go:127.66,129.3 1 0
gv-api/test/e2e/client.go:130.2,130.14 1 1
gv-api/test/e2e/client.go:133.60,140.38 5 1
gv-api/test/e2e/client.go:140.38,142.3 1 0
gv-api/test/e2e/client.go:145.76,152.67 5 1
gv-api/test/e2e/client.go:152.67,154.3 1 0
gv-api/test/e2e/client.go:155.2,155.15 1 1
gv-api/test/e2e/setup.go:13.36,16.15 3 1
gv-api/test/e2e/setup.go:16.15,18.3 1 0
gv-api/test/e2e/setup.go:19.2,19.12 1 1
gv-api/test/e2e/setup.go:22.38,25.16 3 1
gv-api/test/e2e/setup.go:25.16,27.3 1 0
gv-api/test/e2e/setup.go:28.2,28.35 1 1
gv-api/test/e2e/setup.go:31.27,32.41 1 1
gv-api/test/e2e/setup.go:32.41,34.3 1 1
gv-api/test/e2e/setup.go:35.2,35.19 1 0
gv-api/test/e2e/setup.go:38.29,39.44 1 1
gv-api/test/e2e/setup.go:39.44,41.3 1 1
gv-api/test/e2e/setup.go:42.2,42.17 1 0
gv-api/test/e2e/setup.go:45.44,52.16 5 1
gv-api/test/e2e/setup.go:52.16,54.3 1 0
gv-api/test/e2e/setup.go:56.2,58.15 3 1
gv-api/test/e2e/setup.go:61.35,65.16 4 1
gv-api/test/e2e/setup.go:65.16,67.3 1 0
gv-api/test/e2e/setup.go:68.2,71.16 3 1
gv-api/test/e2e/setup.go:71.16,73.3 1 0
gv-api/internal/config/config.go:15.30,24.2 1 0
gv-api/internal/config/config.go:26.42,27.48 1 0
gv-api/internal/config/config.go:27.48,29.3 1 0
gv-api/internal/config/config.go:30.2,30.17 1 0
gv-api/cmd/api/main.go:21.13,23.16 2 0
gv-api/cmd/api/main.go:23.16,25.3 1 0
gv-api/cmd/api/main.go:27.2,28.16 2 0
gv-api/cmd/api/main.go:28.16,30.3 1 0
gv-api/cmd/api/main.go:33.2,39.16 4 0
gv-api/cmd/api/main.go:39.16,41.3 1 0
gv-api/cmd/api/main.go:43.2,69.29 14 0
gv-api/cmd/api/main.go:69.29,80.3 10 0
gv-api/cmd/api/main.go:82.2,83.49 2 0
gv-api/internal/database/db.go:12.79,14.16 2 0
gv-api/internal/database/db.go:14.16,16.3 1 0
gv-api/internal/database/db.go:18.2,23.16 5 0
gv-api/internal/database/db.go:23.16,25.3 1 0
gv-api/internal/database/db.go:27.2,27.39 1 0
gv-api/internal/database/db.go:27.39,29.3 1 0
gv-api/internal/database/db.go:31.2,31.18 1 0
gv-api/internal/habits/handler.go:21.46,23.2 1 1
gv-api/internal/habits/handler.go:26.68,30.16 3 1
gv-api/internal/habits/handler.go:30.16,33.3 2 1
gv-api/internal/habits/handler.go:35.2,35.41 1 1
gv-api/internal/habits/handler.go:39.69,41.61 2 1
gv-api/internal/habits/handler.go:41.61,44.3 2 1
gv-api/internal/habits/handler.go:46.2,46.61 1 1
gv-api/internal/habits/handler.go:46.61,49.3 2 1
gv-api/internal/habits/handler.go:51.2,51.68 1 1
gv-api/internal/habits/handler.go:55.71,57.61 2 1
gv-api/internal/habits/handler.go:57.61,60.3 2 1
gv-api/internal/habits/handler.go:62.2,62.20 1 1
gv-api/internal/habits/handler.go:62.20,65.3 2 1
gv-api/internal/habits/handler.go:67.2,68.16 2 1
gv-api/internal/habits/handler.go:68.16,71.3 2 1
gv-api/internal/habits/handler.go:73.2,73.45 1 1
gv-api/internal/habits/repository.go:20.56,22.2 1 1
gv-api/internal/habits/repository.go:24.109,26.16 2 1
gv-api/internal/habits/repository.go:26.16,28.3 1 1
gv-api/internal/habits/repository.go:30.2,31.27 2 1
gv-api/internal/habits/repository.go:31.27,40.3 2 1
gv-api/internal/habits/repository.go:41.2,41.21 1 1
gv-api/internal/habits/repository.go:44.113,51.2 2 1
gv-api/internal/habits/repository.go:53.126,58.16 2 1
gv-api/internal/habits/repository.go:58.16,60.3 1 1
gv-api/internal/habits/repository.go:61.2,65.8 1 1
gv-api/internal/habits/service.go:13.63,14.16 1 1
gv-api/internal/habits/service.go:14.16,16.3 1 1
gv-api/internal/habits/service.go:17.2,17.44 1 1
gv-api/internal/habits/service.go:20.93,23.19 2 1
gv-api/internal/habits/service.go:23.19,25.17 2 1
gv-api/internal/habits/service.go:25.17,27.4 1 1
gv-api/internal/habits/service.go:28.3,28.22 1 1
gv-api/internal/habits/service.go:31.2,33.50 2 1
gv-api/internal/habits/service.go:36.77,38.16 2 1
gv-api/internal/habits/service.go:38.16,40.3 1 1
gv-api/internal/habits/service.go:41.2,41.60 1 1
gv-api/internal/habits/service.go:44.105,46.2 1 1
gv-api/internal/tasks/handler.go:28.46,30.2 1 1
gv-api/internal/tasks/handler.go:32.73,34.61 2 1
gv-api/internal/tasks/handler.go:34.61,37.3 2 1
gv-api/internal/tasks/handler.go:39.2,39.20 1 1
gv-api/internal/tasks/handler.go:39.20,42.3 2 1
gv-api/internal/tasks/handler.go:44.2,45.16 2 1
gv-api/internal/tasks/handler.go:45.16,48.3 2 1
gv-api/internal/tasks/handler.go:50.2,50.47 1 1
gv-api/internal/tasks/handler.go:53.70,55.61 2 1
gv-api/internal/tasks/handler.go:55.61,58.3 2 1
gv-api/internal/tasks/handler.go:60.2,60.20 1 1
gv-api/internal/tasks/handler.go:60.20,63.3 2 1
gv-api/internal/tasks/handler.go:65.2,66.16 2 1
gv-api/internal/tasks/handler.go:66.16,69.3 2 1
gv-api/internal/tasks/handler.go:71.2,71.44 1 1
gv-api/internal/tasks/handler.go:74.70,76.61 2 1
gv-api/internal/tasks/handler.go:76.61,79.3 2 1
gv-api/internal/tasks/handler.go:81.2,81.21 1 1
gv-api/internal/tasks/handler.go:81.21,84.3 2 1
gv-api/internal/tasks/handler.go:86.2,86.20 1 1
gv-api/internal/tasks/handler.go:86.20,89.3 2 1
gv-api/internal/tasks/handler.go:91.2,92.16 2 1
gv-api/internal/tasks/handler.go:92.16,95.3 2 1
gv-api/internal/tasks/handler.go:97.2,97.44 1 1
gv-api/internal/tasks/handler.go:100.75,102.61 2 1
gv-api/internal/tasks/handler.go:102.61,105.3 2 1
gv-api/internal/tasks/handler.go:107.2,107.21 1 1
gv-api/internal/tasks/handler.go:107.21,110.3 2 1
gv-api/internal/tasks/handler.go:112.2,112.28 1 1
gv-api/internal/tasks/handler.go:112.28,115.3 2 1
gv-api/internal/tasks/handler.go:117.2,118.16 2 1
gv-api/internal/tasks/handler.go:118.16,121.3 2 1
gv-api/internal/tasks/handler.go:123.2,123.45 1 1
gv-api/internal/tasks/handler.go:126.75,129.16 3 1
gv-api/internal/tasks/handler.go:129.16,132.3 2 1
gv-api/internal/tasks/handler.go:134.2,139.16 5 1
gv-api/internal/tasks/handler.go:139.16,140.34 1 1
gv-api/internal/tasks/handler.go:140.34,143.4 2 1
gv-api/internal/tasks/handler.go:144.3,145.9 2 1
gv-api/internal/tasks/handler.go:148.2,148.40 1 1
gv-api/internal/tasks/handler.go:151.75,153.16 2 1
gv-api/internal/tasks/handler.go:153.16,156.3 2 1
gv-api/internal/tasks/handler.go:158.2,158.43 1 1
gv-api/internal/tasks/repository.go:29.56,31.2 1 1
gv-api/internal/tasks/repository.go:33.159,35.18 2 1
gv-api/internal/tasks/repository.go:35.18,37.3 1 1
gv-api/internal/tasks/repository.go:39.2,45.16 2 1
gv-api/internal/tasks/repository.go:45.16,47.3 1 1
gv-api/internal/tasks/repository.go:49.2,50.21 2 1
gv-api/internal/tasks/repository.go:50.21,53.3 2 1
gv-api/internal/tasks/repository.go:55.2,61.8 1 1
gv-api/internal/tasks/repository.go:64.154,66.18 2 1
gv-api/internal/tasks/repository.go:66.18,68.3 1 1
gv-api/internal/tasks/repository.go:70.2,76.16 2 1
gv-api/internal/tasks/repository.go:76.16,78.3 1 1
gv-api/internal/tasks/repository.go:80.2,81.21 2 1
gv-api/internal/tasks/repository.go:81.21,84.3 2 1
gv-api/internal/tasks/repository.go:86.2,92.8 1 1
gv-api/internal/tasks/repository.go:95.111,100.16 2 1
gv-api/internal/tasks/repository.go:100.16,102.3 1 1
gv-api/internal/tasks/repository.go:104.2,108.8 1 1
gv-api/internal/tasks/repository.go:111.169,115.23 3 1
gv-api/internal/tasks/repository.go:115.23,117.3 1 1
gv-api/internal/tasks/repository.go:119.2,125.16 2 1
gv-api/internal/tasks/repository.go:125.16,127.3 1 1
gv-api/internal/tasks/repository.go:129.2,130.26 2 1
gv-api/internal/tasks/repository.go:130.26,133.3 2 1
gv-api/internal/tasks/repository.go:135.2,141.8 1 1
gv-api/internal/tasks/repository.go:144.126,151.16 3 1
gv-api/internal/tasks/repository.go:151.16,152.36 1 1
gv-api/internal/tasks/repository.go:152.36,154.4 1 1
gv-api/internal/tasks/repository.go:155.3,155.34 1 1
gv-api/internal/tasks/repository.go:158.2,159.26 2 1
gv-api/internal/tasks/repository.go:159.26,162.3 2 1
gv-api/internal/tasks/repository.go:164.2,170.8 1 1
gv-api/internal/tasks/repository.go:173.94,175.16 2 1
gv-api/internal/tasks/repository.go:175.16,177.3 1 1
gv-api/internal/tasks/repository.go:179.2,180.27 2 1
gv-api/internal/tasks/repository.go:180.27,182.22 2 1
gv-api/internal/tasks/repository.go:182.22,185.4 2 1
gv-api/internal/tasks/repository.go:187.3,193.4 1 1
gv-api/internal/tasks/repository.go:196.2,196.22 1 1
gv-api/internal/tasks/service.go:13.63,14.16 1 1
gv-api/internal/tasks/service.go:14.16,16.3 1 1
gv-api/internal/tasks/service.go:17.2,17.44 1 1
gv-api/internal/tasks/service.go:20.105,22.2 1 1
gv-api/internal/tasks/service.go:24.96,26.2 1 1
gv-api/internal/tasks/service.go:28.96,30.2 1 1
gv-api/internal/tasks/service.go:32.111,34.2 1 1
gv-api/internal/tasks/service.go:36.111,38.27 2 1
gv-api/internal/tasks/service.go:38.27,40.3 1 1
gv-api/internal/tasks/service.go:41.2,41.56 1 1
gv-api/internal/tasks/service.go:44.83,46.2 1 1
